Info: : 2140 mini-second(s) publishing element CustomCategory:view[new\customcategories\view_EA632601.html]
Info: CustomCategory:view: 2140 mini seconds publishing element
Info: SupportingMaterial:supporting_material_template: 875 mini seconds publishing element
Info: Artifact:artifact_template: 953 mini seconds publishing element
Info: : 2656 mini-second(s) publishing element Role:role_template[new\roles\role_template_7AC2901C.html]
Info: Role:role_template: 2656 mini seconds publishing element
Info: Checklist:checklist_template: 687 mini seconds publishing element
Info: Concept:concept_template: 172 mini seconds publishing element
Info: Guideline:estimating_guideline_templae: 172 mini seconds publishing element
Info: Example:example_template: 672 mini seconds publishing element
Info: Guideline:guideline_template: 172 mini seconds publishing element
Info: Report:report_template: 94 mini seconds publishing element
Info: ReusableAsset:reusable_asset_template: 156 mini seconds publishing element
Info: Template:template_template: 109 mini seconds publishing element
Info: ToolMentor:toolmentor_template: 78 mini seconds publishing element
Info: Whitepaper:whitepaper_template: 157 mini seconds publishing element
Info: Deliverable:deliverable_template: 765 mini seconds publishing element
Info: EstimationConsiderations:estimation_considerations_template: 110 mini seconds publishing element
Info: Outcome:outcome_template: 687 mini seconds publishing element
Info: Practice:practice_template: 656 mini seconds publishing element
Info: Roadmap:roadmap_template: 110 mini seconds publishing element
Info: Task:task_template: 718 mini seconds publishing element
Info: Domain:domain_template: 94 mini seconds publishing element
Info: Discipline:discipline_template: 94 mini seconds publishing element
Info: RoleSet:role_set_template: 78 mini seconds publishing element
Info: WorkProductType:work_product_kind_template: 78 mini seconds publishing element
Info: RoleSetGrouping:role_set_grouping_template: 78 mini seconds publishing element
Info: TermDefinition:term_definition_template: 63 mini seconds publishing element
Info: : Publishing time: 0 minutes 22 seconds
